Drill report for rc2014compat-pico-vga.kicad_pcb
Created on Sun Sep 25 17:36:40 2022

Copper Layer Stackup:
    =============================================================
    L1 :  F.Cu                      front
    L2 :  B.Cu                      back


Drill file 'rc2014compat-pico-vga.drl' contains
    plated through holes:
    =============================================================
    T1  0.350mm  0.0138"  (10 holes)
    T2  0.350mm  0.0138"  (9 holes)
    T3  0.500mm  0.0197"  (78 holes)
    T4  0.500mm  0.0197"  (2 holes)  (with 2 slots)
    T5  0.600mm  0.0236"  (2 holes)  (with 2 slots)
    T6  1.000mm  0.0394"  (103 holes)
    T7  3.200mm  0.1260"  (2 holes)

    Total plated holes count 206


Not plated through holes are merged with plated holes
    unplated through holes:
    =============================================================
    T8  0.650mm  0.0256"  (2 holes)
    T9  0.700mm  0.0276"  (10 holes)

    Total unplated holes count 12
